android/app/build/intermediates/manifest_merge_blame_file/release/processReleaseMainManifest/manifest-merger-blame-release-report.txt
1<?xml version="1.0" encoding="utf-8"?>
2<manifest xmlns:android="http://schemas.android.com/apk/res/android"
3    package="com.mobilityapp"
4    android:versionCode="1"
5    android:versionName="1.0" >
6
7    <uses-sdk
8        android:minSdkVersion="24"
9        android:targetSdkVersion="34" />
10
11    <uses-permission android:name="android.permission.INTERNET" />
11-->src/main/AndroidManifest.xml:3:5-67
11-->src/main/AndroidManifest.xml:3:22-64
12    <uses-permission android:name="android.permission.READ_MEDIA_IMAGES" />
12-->src/main/AndroidManifest.xml:5:1-71
12-->src/main/AndroidManifest.xml:5:18-69
13    <uses-permission android:name="android.permission.CAMERA" />
13-->src/main/AndroidManifest.xml:6:5-64
13-->src/main/AndroidManifest.xml:6:22-62
14    <uses-permission android:name="android.permission.VIBRATE" />
14-->src/main/AndroidManifest.xml:7:5-65
14-->src/main/AndroidManifest.xml:7:22-63
15    <uses-permission
15-->src/main/AndroidManifest.xml:8:5-81
16        android:name="android.permission.WRITE_EXTERNAL_STORAGE"
16-->src/main/AndroidManifest.xml:8:22-78
17        android:maxSdkVersion="29" />
17-->[:react-native-image-crop-picker] AndroidManifest.xml:15:9-35
18    <uses-permission android:name="android.permission.ACCESS_FINE_LOCATION" />
18-->src/main/AndroidManifest.xml:9:5-79
18-->src/main/AndroidManifest.xml:9:22-76
19
20    <queries>
20-->[:react-native-image-crop-picker] AndroidManifest.xml:7:5-11:15
21        <intent>
21-->[:react-native-image-crop-picker] AndroidManifest.xml:8:9-10:18
22            <action android:name="android.media.action.IMAGE_CAPTURE" />
22-->[:react-native-image-crop-picker] AndroidManifest.xml:9:13-73
22-->[:react-native-image-crop-picker] AndroidManifest.xml:9:21-70
23        </intent>
24    </queries>
25
26    <uses-permission android:name="android.permission.READ_EXTERNAL_STORAGE" />
27
28    <permission
28-->[androidx.core:core:1.9.0] AndroidManifest.xml:22:5-24:47
29        android:name="com.mobilityapp.DYNAMIC_RECEIVER_NOT_EXPORTED_PERMISSION"
29-->[androidx.core:core:1.9.0] AndroidManifest.xml:23:9-81
30        android:protectionLevel="signature" />
30-->[androidx.core:core:1.9.0] AndroidManifest.xml:24:9-44
31
32    <uses-permission android:name="com.mobilityapp.DYNAMIC_RECEIVER_NOT_EXPORTED_PERMISSION" />
32-->[androidx.core:core:1.9.0] AndroidManifest.xml:26:5-97
32-->[androidx.core:core:1.9.0] AndroidManifest.xml:26:22-94
33
34    <application
34-->src/main/AndroidManifest.xml:10:5-30:19
35        android:name="com.mobilityapp.MainApplication"
35-->src/main/AndroidManifest.xml:11:7-38
36        android:allowBackup="false"
36-->src/main/AndroidManifest.xml:15:7-34
37        android:appComponentFactory="androidx.core.app.CoreComponentFactory"
37-->[androidx.core:core:1.9.0] AndroidManifest.xml:28:18-86
38        android:extractNativeLibs="false"
39        android:icon="@mipmap/ic_launcher"
39-->src/main/AndroidManifest.xml:13:7-41
40        android:label="@string/app_name"
40-->src/main/AndroidManifest.xml:12:7-39
41        android:roundIcon="@mipmap/ic_launcher_round"
41-->src/main/AndroidManifest.xml:14:7-52
42        android:supportsRtl="true"
42-->src/main/AndroidManifest.xml:17:7-33
43        android:theme="@style/AppTheme" >
43-->src/main/AndroidManifest.xml:16:7-38
44        <activity
44-->src/main/AndroidManifest.xml:18:7-29:18
45            android:name="com.mobilityapp.MainActivity"
45-->src/main/AndroidManifest.xml:19:9-37
46            android:configChanges="keyboard|keyboardHidden|orientation|screenLayout|screenSize|smallestScreenSize|uiMode"
46-->src/main/AndroidManifest.xml:21:9-118
47            android:exported="true"
47-->src/main/AndroidManifest.xml:24:9-32
48            android:label="@string/app_name"
48-->src/main/AndroidManifest.xml:20:9-41
49            android:launchMode="singleTask"
49-->src/main/AndroidManifest.xml:22:9-40
50            android:windowSoftInputMode="adjustResize" >
50-->src/main/AndroidManifest.xml:23:9-51
51            <intent-filter>
51-->src/main/AndroidManifest.xml:25:9-28:25
52                <action android:name="android.intent.action.MAIN" />
52-->src/main/AndroidManifest.xml:26:13-65
52-->src/main/AndroidManifest.xml:26:21-62
53
54                <category android:name="android.intent.category.LAUNCHER" />
54-->src/main/AndroidManifest.xml:27:13-73
54-->src/main/AndroidManifest.xml:27:23-70
55            </intent-filter>
56        </activity>
57
58        <provider
58-->[:react-native-image-crop-picker] AndroidManifest.xml:18:9-26:20
59            android:name="com.reactnative.ivpusic.imagepicker.IvpusicImagePickerFileProvider"
59-->[:react-native-image-crop-picker] AndroidManifest.xml:19:13-94
60            android:authorities="com.mobilityapp.provider"
60-->[:react-native-image-crop-picker] AndroidManifest.xml:20:13-60
61            android:exported="false"
61-->[:react-native-image-crop-picker] AndroidManifest.xml:21:13-37
62            android:grantUriPermissions="true" >
62-->[:react-native-image-crop-picker] AndroidManifest.xml:22:13-47
63            <meta-data
63-->[:react-native-image-crop-picker] AndroidManifest.xml:23:13-25:78
64                android:name="android.support.FILE_PROVIDER_PATHS"
64-->[:react-native-image-crop-picker] AndroidManifest.xml:24:17-67
65                android:resource="@xml/ivpusic_imagepicker_provider_paths" />
65-->[:react-native-image-crop-picker] AndroidManifest.xml:25:17-75
66        </provider>
67
68        <activity
68-->[:react-native-image-crop-picker] AndroidManifest.xml:28:9-30:72
69            android:name="com.yalantis.ucrop.UCropActivity"
69-->[:react-native-image-crop-picker] AndroidManifest.xml:29:13-60
70            android:theme="@style/Theme.AppCompat.Light.NoActionBar" />
70-->[:react-native-image-crop-picker] AndroidManifest.xml:30:13-69
71
72        <meta-data
72-->[com.github.bumptech.glide:okhttp3-integration:4.12.0] AndroidManifest.xml:11:9-13:43
73            android:name="com.bumptech.glide.integration.okhttp3.OkHttpGlideModule"
73-->[com.github.bumptech.glide:okhttp3-integration:4.12.0] AndroidManifest.xml:12:13-84
74            android:value="GlideModule" />
74-->[com.github.bumptech.glide:okhttp3-integration:4.12.0] AndroidManifest.xml:13:13-40
75
76        <provider
76-->[androidx.emoji2:emoji2:1.2.0] AndroidManifest.xml:24:9-32:20
77            android:name="androidx.startup.InitializationProvider"
77-->[androidx.emoji2:emoji2:1.2.0] AndroidManifest.xml:25:13-67
78            android:authorities="com.mobilityapp.androidx-startup"
78-->[androidx.emoji2:emoji2:1.2.0] AndroidManifest.xml:26:13-68
79            android:exported="false" >
79-->[androidx.emoji2:emoji2:1.2.0] AndroidManifest.xml:27:13-37
80            <meta-data
80-->[androidx.emoji2:emoji2:1.2.0] AndroidManifest.xml:29:13-31:52
81                android:name="androidx.emoji2.text.EmojiCompatInitializer"
81-->[androidx.emoji2:emoji2:1.2.0] AndroidManifest.xml:30:17-75
82                android:value="androidx.startup" />
82-->[androidx.emoji2:emoji2:1.2.0] AndroidManifest.xml:31:17-49
83            <meta-data
83-->[androidx.lifecycle:lifecycle-process:2.4.1] AndroidManifest.xml:31:13-33:52
84                android:name="androidx.lifecycle.ProcessLifecycleInitializer"
84-->[androidx.lifecycle:lifecycle-process:2.4.1] AndroidManifest.xml:32:17-78
85                android:value="androidx.startup" />
85-->[androidx.lifecycle:lifecycle-process:2.4.1] AndroidManifest.xml:33:17-49
86        </provider>
87
88        <meta-data
88-->[com.facebook.soloader:soloader:0.12.1] AndroidManifest.xml:12:9-14:37
89            android:name="com.facebook.soloader.enabled"
89-->[com.facebook.soloader:soloader:0.12.1] AndroidManifest.xml:13:13-57
90            android:value="false" />
90-->[com.facebook.soloader:soloader:0.12.1] AndroidManifest.xml:14:13-34
91    </application>
92
93</manifest>